Determining if the pthread_create exist failed with the following output:
Change Dir: /root/aws/camera_driver_yucong/build/CMakeFiles/CMakeTmp

Run Build Command:"/usr/bin/make" "cmTC_70569/fast"
/usr/bin/make -f CMakeFiles/cmTC_70569.dir/build.make CMakeFiles/cmTC_70569.dir/build
make[1]: Entering directory '/root/aws/camera_driver_yucong/build/CMakeFiles/CMakeTmp'
Building C object CMakeFiles/cmTC_70569.dir/CheckSymbolExists.c.o
/usr/bin/cc     -o CMakeFiles/cmTC_70569.dir/CheckSymbolExists.c.o   -c /root/aws/camera_driver_yucong/build/CMakeFiles/CMakeTmp/CheckSymbolExists.c
Linking C executable cmTC_70569
/usr/bin/cmake -E cmake_link_script CMakeFiles/cmTC_70569.dir/link.txt --verbose=1
/usr/bin/cc       CMakeFiles/cmTC_70569.dir/CheckSymbolExists.c.o  -o cmTC_70569 -rdynamic 
CMakeFiles/cmTC_70569.dir/CheckSymbolExists.c.o: In function `main':
CheckSymbolExists.c:(.text+0x16): undefined reference to `pthread_create'
collect2: error: ld returned 1 exit status
CMakeFiles/cmTC_70569.dir/build.make:97: recipe for target 'cmTC_70569' failed
make[1]: *** [cmTC_70569] Error 1
make[1]: Leaving directory '/root/aws/camera_driver_yucong/build/CMakeFiles/CMakeTmp'
Makefile:126: recipe for target 'cmTC_70569/fast' failed
make: *** [cmTC_70569/fast] Error 2

File /root/aws/camera_driver_yucong/build/CMakeFiles/CMakeTmp/CheckSymbolExists.c:
/* */
#include <pthread.h>

int main(int argc, char** argv)
{
  (void)argv;
#ifndef pthread_create
  return ((int*)(&pthread_create))[argc];
#else
  (void)argc;
  return 0;
#endif
}

Determining if the function pthread_create exists in the pthreads failed with the following output:
Change Dir: /root/aws/camera_driver_yucong/build/CMakeFiles/CMakeTmp

Run Build Command:"/usr/bin/make" "cmTC_63b5c/fast"
/usr/bin/make -f CMakeFiles/cmTC_63b5c.dir/build.make CMakeFiles/cmTC_63b5c.dir/build
make[1]: Entering directory '/root/aws/camera_driver_yucong/build/CMakeFiles/CMakeTmp'
Building C object CMakeFiles/cmTC_63b5c.dir/CheckFunctionExists.c.o
/usr/bin/cc    -DCHECK_FUNCTION_EXISTS=pthread_create   -o CMakeFiles/cmTC_63b5c.dir/CheckFunctionExists.c.o   -c /usr/share/cmake-3.5/Modules/CheckFunctionExists.c
Linking C executable cmTC_63b5c
/usr/bin/cmake -E cmake_link_script CMakeFiles/cmTC_63b5c.dir/link.txt --verbose=1
/usr/bin/cc   -DCHECK_FUNCTION_EXISTS=pthread_create    CMakeFiles/cmTC_63b5c.dir/CheckFunctionExists.c.o  -o cmTC_63b5c -rdynamic -lpthreads 
/usr/bin/ld: cannot find -lpthreads
collect2: error: ld returned 1 exit status
CMakeFiles/cmTC_63b5c.dir/build.make:97: recipe for target 'cmTC_63b5c' failed
make[1]: *** [cmTC_63b5c] Error 1
make[1]: Leaving directory '/root/aws/camera_driver_yucong/build/CMakeFiles/CMakeTmp'
Makefile:126: recipe for target 'cmTC_63b5c/fast' failed
make: *** [cmTC_63b5c/fast] Error 2


